ERROR:root:The data point is NaN(incorrect).
ERROR:root:The data point is NaN(incorrect).
ERROR:root:The data point is a non-numeric string(incorrect).
ERROR:root:The data point is a non-numeric string(incorrect).
ERROR:root:The data point is a non-numeric string(incorrect).
ERROR:root:The data point is a non-numeric string(incorrect).
ERROR:root:The data point is a non-numeric string(incorrect).
ERROR:root:The data point is a non-numeric string(incorrect).
ERROR:root:The data point is a non-numeric string(incorrect).
ERROR:root:The data point is a non-numeric string(incorrect).
ERROR:root:The data point is a non-numeric string(incorrect).
ERROR:root:The data point is a non-numeric string(incorrect).
ERROR:root:The data point is a non-numeric string(incorrect).
ERROR:root:The data point is a non-numeric string(incorrect).
ERROR:root:The data point is a non-numeric string(incorrect).
ERROR:root:The data point is a non-numeric string(incorrect).
ERROR:root:The data point is a non-numeric string(incorrect).
ERROR:root:The data point is a non-numeric string(incorrect).
ERROR:root:The data point is a non-numeric string(incorrect).
ERROR:root:The data point is a non-numeric string(incorrect).
ERROR:root:The data point is a non-numeric string(incorrect).
ERROR:root:The data point is a non-numeric string(incorrect).
ERROR:root:The data point is a non-numeric string(incorrect).
ERROR:root:The data point is a non-numeric string(incorrect).
ERROR:root:The data point is a non-numeric string(incorrect).
ERROR:root:The data point is a non-numeric string(incorrect).
ERROR:root:The data point is a non-numeric string(incorrect).
ERROR:root:The data point is a non-numeric string(incorrect).
ERROR:root:The data point is a non-numeric string(incorrect).
ERROR:root:The data point is a non-numeric string(incorrect).
ERROR:root:The data point is a non-numeric string(incorrect).
ERROR:root:The data point is a non-numeric string(incorrect).
ERROR:root:The data point is a non-numeric string(incorrect).
ERROR:root:The data point is a non-numeric string(incorrect).
ERROR:root:The data point is NaN(incorrect).
ERROR:root:The data point is NaN(incorrect).
ERROR:root:The data point is a non-numeric string(incorrect).
ERROR:root:The data point is a non-numeric string(incorrect).
ERROR:root:The data point is a non-numeric string(incorrect).
INFO:root:The data point in line is missing.
INFO:root:The data point in line is missing.
INFO:root:The data point in line is missing.
INFO:root:The data point in line is missing.
INFO:root:The data point in line is missing.
INFO:root:The data point in line is missing.
INFO:root:The data point in line is missing.
INFO:root:The data point in line is missing.
INFO:root:The data point in line is missing.
ERROR:root:The data point is NaN(incorrect).
ERROR:root:The data point is NaN(incorrect).
ERROR:root:The data point is a non-numeric string(incorrect).
ERROR:root:The data point is a non-numeric string(incorrect).
ERROR:root:The data point is a non-numeric string(incorrect).
ERROR:root:The data point is a non-numeric string(incorrect).
ERROR:root:The data point is a non-numeric string(incorrect).
ERROR:root:The data point is a non-numeric string(incorrect).
ERROR:root:The data point is NaN(incorrect).
ERROR:root:The data point is NaN(incorrect).
ERROR:root:The data point is NaN(incorrect).

ERROR:root:The data point is NaN(incorrect).

ERROR:root:The data point in line is missing.
ERROR:root:The data point in line is missing.
ERROR:root:The data point in line is missing.

ERROR:root:The data point in line is missing.

ERROR:root:The data point in line is missing.

ERROR:root:The data point in line is missing.

ERROR:root:The data point in line is missing.

ERROR:root:The data point in line is missing.

ERROR:root:The data point in line is missing.

ERROR:root:The data point in line is missing.

ERROR:root:The data point in line is missing.

ERROR:root:The data point in line is missing.

ERROR:root:The data point in line is missing.

ERROR:root:The data point in line is missing.

ERROR:root:The data point in line is missing.

ERROR:root:The data point in line is missing.

ERROR:root:The data point in line is missing.

ERROR:root:The data point is NaN(incorrect).

ERROR:root:The data point is NaN(incorrect).

ERROR:root:The data point is NaN(incorrect).

ERROR:root:The data point is NaN(incorrect).

ERROR:root:The data point is                            a non-numeric string(incorrect).

ERROR:root:The data point is                            a non-numeric string(incorrect).

ERROR:root:The data point is                            a non-numeric string(incorrect).

